{"email":"admin@ameen.com","level":"info","message":"Successful login","timestamp":"2025-10-22 10:27:07","userId":"7PzkQoISvBMeO4cdOW3d9"}
{"email":"admin@ameen.com","level":"info","message":"Successful login","timestamp":"2025-10-22 10:36:33","userId":"7PzkQoISvBMeO4cdOW3d9"}
{"email":"admin@ameen.com","level":"info","message":"Successful login","timestamp":"2025-10-22 10:38:56","userId":"7PzkQoISvBMeO4cdOW3d9"}
{"email":"admin@ameen.com","level":"info","message":"Successful login","timestamp":"2025-10-22 10:39:33","userId":"7PzkQoISvBMeO4cdOW3d9"}
{"email":"admin@ameen.com","level":"info","message":"Successful login","timestamp":"2025-10-22 11:05:37","userId":"7PzkQoISvBMeO4cdOW3d9"}
{"email":"admin@ameen.com","level":"info","message":"Successful login","timestamp":"2025-10-22 11:24:45","userId":"7PzkQoISvBMeO4cdOW3d9"}
{"email":"admin@ameen.com","level":"info","message":"Successful login","timestamp":"2025-10-22 11:27:01","userId":"7PzkQoISvBMeO4cdOW3d9"}
{"email":"admin@ameen.com","level":"info","message":"Failed login attempt","timestamp":"2025-10-22 13:39:36"}
{"email":"admin@ameen.com","level":"info","message":"Failed login attempt","timestamp":"2025-10-22 13:40:06"}
{"email":"admin@ameen.com","level":"info","message":"Failed login attempt","timestamp":"2025-10-22 13:40:14"}
{"email":"admin@ameen.com","level":"info","message":"Failed login attempt","timestamp":"2025-10-22 13:41:17"}
{"email":"admin@ameen.com","level":"info","message":"Failed login attempt","timestamp":"2025-10-22 13:41:18"}
{"email":"admin@ameen.com","level":"info","message":"Failed login attempt","timestamp":"2025-10-22 13:43:58"}
{"email":"admin@ameen.com","level":"info","message":"Failed login attempt","timestamp":"2025-10-22 13:44:42"}
{"email":"admin@ameen.com","level":"info","message":"Failed login attempt","timestamp":"2025-10-22 13:45:12"}
{"email":"admin@ameen.com","level":"info","message":"Failed login attempt","timestamp":"2025-10-22 13:48:21"}
{"email":"admin@ameen.com","level":"info","message":"Failed login attempt","timestamp":"2025-10-22 13:51:19"}
{"email":"admin@ameen.com","level":"info","message":"Successful login","timestamp":"2025-10-22 13:55:43","userId":"vZARQ_lGBjDqrzmdMyrCK"}
{"email":"admin@ameen.com","level":"info","message":"Successful login","timestamp":"2025-10-22 13:56:40","userId":"vZARQ_lGBjDqrzmdMyrCK"}
{"email":"admin@ameen.com","level":"info","message":"Successful login","timestamp":"2025-10-22 13:58:49","userId":"vZARQ_lGBjDqrzmdMyrCK"}
{"email":"admin@ameen.com","level":"info","message":"Successful login","timestamp":"2025-10-22 15:26:32","userId":"vZARQ_lGBjDqrzmdMyrCK"}
{"email":"admin@ameen.com","level":"info","message":"Successful login","timestamp":"2025-10-22 16:30:22","userId":"vZARQ_lGBjDqrzmdMyrCK"}
{"email":"admin@ameen.com","level":"info","message":"Successful login","timestamp":"2025-10-22 16:43:23","userId":"vZARQ_lGBjDqrzmdMyrCK"}
{"email":"admin@ameen.com","level":"info","message":"Successful login","timestamp":"2025-10-22 17:11:44","userId":"vZARQ_lGBjDqrzmdMyrCK"}
{"email":"admin@ameen.com","level":"info","message":"Successful login","timestamp":"2025-10-22 19:29:21","userId":"vZARQ_lGBjDqrzmdMyrCK"}
{"email":"admin@ameen.com","level":"info","message":"Successful login","timestamp":"2025-10-22 19:31:07","userId":"vZARQ_lGBjDqrzmdMyrCK"}
{"email":"admin@ameen.com","level":"info","message":"Successful login","timestamp":"2025-10-22 19:34:14","userId":"vZARQ_lGBjDqrzmdMyrCK"}
{"email":"admin@ameen.com","level":"info","message":"Successful login","timestamp":"2025-10-22 19:39:13","userId":"vZARQ_lGBjDqrzmdMyrCK"}
{"email":"admin@ameen.com","level":"info","message":"Successful login","timestamp":"2025-10-22 19:40:48","userId":"vZARQ_lGBjDqrzmdMyrCK"}
{"email":"admin@ameen.com","level":"info","message":"Successful login","timestamp":"2025-10-22 19:45:21","userId":"vZARQ_lGBjDqrzmdMyrCK"}
{"email":"miladsoft@yahoo.com","level":"info","message":"Failed login attempt","timestamp":"2025-10-22 19:46:10"}
{"email":"miladsoft@yahoo.com","level":"info","message":"Failed login attempt","timestamp":"2025-10-22 19:46:13"}
{"email":"admin@ameen.com","level":"info","message":"Successful login","timestamp":"2025-10-22 20:06:53","userId":"vZARQ_lGBjDqrzmdMyrCK"}
{"email":"admin@ameen.com","level":"info","message":"Successful login","timestamp":"2025-10-22 20:25:38","userId":"vZARQ_lGBjDqrzmdMyrCK"}
{"email":"admin@ameen.com","level":"info","message":"Successful login","timestamp":"2025-10-22 22:03:03","userId":"vZARQ_lGBjDqrzmdMyrCK"}
{"email":"admin@ameen.com","level":"info","message":"Successful login","timestamp":"2025-10-23 05:55:07","userId":"vZARQ_lGBjDqrzmdMyrCK"}
{"email":"admin@ameen.com","level":"info","message":"Successful login","timestamp":"2025-10-23 06:21:52","userId":"vZARQ_lGBjDqrzmdMyrCK"}
{"email":"admin@ameen.com","level":"info","message":"Successful login","timestamp":"2025-10-23 09:38:05","userId":"vZARQ_lGBjDqrzmdMyrCK"}
{"email":"admin@ameen.com","level":"info","message":"Successful login","timestamp":"2025-10-23 09:56:18","userId":"vZARQ_lGBjDqrzmdMyrCK"}
{"email":"ausaf.ismail@ameen.me","level":"info","message":"Successful login","timestamp":"2025-10-23 10:01:12","userId":"DxLC1IIuHxMgTy7p0pGku"}
{"email":"admin@ameen.com","level":"info","message":"Failed login attempt","timestamp":"2025-10-23 13:31:51"}
{"email":"admin@ameen.com","level":"info","message":"Failed login attempt","timestamp":"2025-10-23 13:32:22"}
{"email":"admin@ameen.com","level":"info","message":"Failed login attempt","timestamp":"2025-10-23 13:33:02"}
{"email":"admin@ameen.com","level":"info","message":"Failed login attempt","timestamp":"2025-10-23 13:33:45"}
{"email":"admin@admin.com","level":"info","message":"Successful login","timestamp":"2025-10-23 13:36:00","userId":"vZARQ_lGBjDqrzmdMyrCK"}
{"email":"admin@admin.com","level":"info","message":"Successful login","timestamp":"2025-10-23 13:43:28","userId":"vZARQ_lGBjDqrzmdMyrCK"}
{"email":"admin@admin.com","level":"info","message":"Failed login attempt","timestamp":"2025-10-23 14:07:06"}
{"email":"muatasim@yahoo.com","level":"info","message":"Successful login","timestamp":"2025-10-23 14:07:47","userId":"vZARQ_lGBjDqrzmdMyrCK"}
{"email":"muatasim@yahoo.com","level":"info","message":"Failed login attempt","timestamp":"2025-10-23 14:55:29"}
{"email":"muatasim@yahoo.com","level":"info","message":"Successful login","timestamp":"2025-10-23 14:56:06","userId":"vZARQ_lGBjDqrzmdMyrCK"}
{"email":"muatasim@yahoo.com","level":"info","message":"Successful login","timestamp":"2025-10-25 12:27:19","userId":"vZARQ_lGBjDqrzmdMyrCK"}
{"email":"muatasim@yahoo.com","level":"info","message":"Successful login","timestamp":"2025-10-25 17:14:25","userId":"vZARQ_lGBjDqrzmdMyrCK"}
{"email":"muatasim@yahoo.com","level":"info","message":"Successful login","timestamp":"2025-10-26 00:21:29","userId":"vZARQ_lGBjDqrzmdMyrCK"}
{"email":"muatasim@yahoo.com","level":"info","message":"Successful login","timestamp":"2025-10-26 11:08:40","userId":"vZARQ_lGBjDqrzmdMyrCK"}
{"email":"muatasim@yahoo.com","level":"info","message":"Successful login","timestamp":"2025-10-27 09:23:57","userId":"vZARQ_lGBjDqrzmdMyrCK"}
{"email":"muatasim@yahoo.com","level":"info","message":"Successful login","timestamp":"2025-10-27 11:08:47","userId":"vZARQ_lGBjDqrzmdMyrCK"}
{"email":"muatasim@yahoo.com","level":"info","message":"Successful login","timestamp":"2025-10-27 12:20:28","userId":"vZARQ_lGBjDqrzmdMyrCK"}
{"email":"muatasim@yahoo.com","level":"info","message":"Successful login","timestamp":"2025-10-27 13:15:07","userId":"vZARQ_lGBjDqrzmdMyrCK"}
{"email":"muatasim@yahoo.com","level":"info","message":"Successful login","timestamp":"2025-10-27 13:36:06","userId":"vZARQ_lGBjDqrzmdMyrCK"}
{"email":"muatasim@yahoo.com","level":"info","message":"Successful login","timestamp":"2025-10-27 13:49:22","userId":"vZARQ_lGBjDqrzmdMyrCK"}
{"email":"muatasim@yahoo.com","level":"info","message":"Successful login","timestamp":"2025-10-27 18:51:03","userId":"vZARQ_lGBjDqrzmdMyrCK"}
{"email":"muatasim@yahoo.com","level":"info","message":"Successful login","timestamp":"2025-10-27 19:22:45","userId":"vZARQ_lGBjDqrzmdMyrCK"}
{"email":"muatasim@yahoo.com","level":"info","message":"Successful login","timestamp":"2025-10-27 19:27:42","userId":"vZARQ_lGBjDqrzmdMyrCK"}
{"email":"muatasim@yahoo.com","level":"info","message":"Successful login","timestamp":"2025-10-30 08:59:13","userId":"vZARQ_lGBjDqrzmdMyrCK"}
{"email":"muatasim@yahoo.com","level":"info","message":"Successful login","timestamp":"2025-10-30 09:01:14","userId":"vZARQ_lGBjDqrzmdMyrCK"}
{"email":"muatasim@yahoo.com","level":"info","message":"Successful login","timestamp":"2025-10-30 11:09:39","userId":"vZARQ_lGBjDqrzmdMyrCK"}
{"email":"muatasim@yahoo.com","level":"info","message":"Successful login","timestamp":"2025-10-30 11:56:39","userId":"vZARQ_lGBjDqrzmdMyrCK"}
{"email":"muatasim@yahoo.com","level":"info","message":"Successful login","timestamp":"2025-10-30 12:14:11","userId":"vZARQ_lGBjDqrzmdMyrCK"}
{"email":"muatasim@yahoo.com","level":"info","message":"Successful login","timestamp":"2025-10-30 12:15:49","userId":"vZARQ_lGBjDqrzmdMyrCK"}
{"email":"muatasim@yahoo.com","level":"info","message":"Successful login","timestamp":"2025-10-30 13:04:18","userId":"vZARQ_lGBjDqrzmdMyrCK"}
{"email":"muatasim@yahoo.com","level":"info","message":"Successful login","timestamp":"2025-11-03 09:13:39","userId":"vZARQ_lGBjDqrzmdMyrCK"}
{"email":"muatasim@yahoo.com","level":"info","message":"Failed login attempt","timestamp":"2025-11-03 09:49:32"}
{"email":"muatasim@yahoo.com","level":"info","message":"Failed login attempt","timestamp":"2025-11-03 09:49:46"}
{"email":"muatasim@yahoo.com","level":"info","message":"Failed login attempt","timestamp":"2025-11-03 09:49:58"}
{"email":"muatasim@yahoo.com","level":"info","message":"Failed login attempt","timestamp":"2025-11-03 09:52:00"}
{"email":"muatasim@yahoo.com","level":"info","message":"Failed login attempt","timestamp":"2025-11-03 09:52:46"}
{"email":"muatasim@yahoo.com","level":"info","message":"Failed login attempt","timestamp":"2025-11-03 09:52:56"}
{"email":"muatasim@yahoo.com","level":"info","message":"Successful login","timestamp":"2025-11-03 09:53:06","userId":"vZARQ_lGBjDqrzmdMyrCK"}
{"email":"muatasim@yahoo.com","level":"info","message":"Successful login","timestamp":"2025-11-03 09:53:15","userId":"vZARQ_lGBjDqrzmdMyrCK"}
{"email":"muatasim@yahoo.com","level":"info","message":"Failed login attempt","timestamp":"2025-11-03 10:58:24"}
{"email":"milad@yahoo.com","level":"info","message":"Successful login","timestamp":"2025-11-03 10:58:39","userId":"vZARQ_lGBjDqrzmdMyrCK"}
{"email":"milad@yahoo.com","level":"info","message":"Successful login","timestamp":"2025-11-03 11:26:29","userId":"vZARQ_lGBjDqrzmdMyrCK"}
{"email":"milad@yahoo.com","level":"info","message":"Successful login","timestamp":"2025-11-03 11:33:01","userId":"vZARQ_lGBjDqrzmdMyrCK"}
{"email":"muatasim@yahoo.com","level":"info","message":"Failed login attempt","timestamp":"2025-11-03 11:54:59"}
{"email":"a.alhashmi@ameen.me","level":"info","message":"Successful login","timestamp":"2025-11-03 11:55:43","userId":"hyuOOSr-DdQtHdLlu7omq"}
{"email":"milad@yahoo.com","level":"info","message":"Successful login","timestamp":"2025-11-03 11:59:42","userId":"vZARQ_lGBjDqrzmdMyrCK"}
{"email":"milad@yahoo.com","level":"info","message":"Successful login","timestamp":"2025-11-03 12:02:04","userId":"vZARQ_lGBjDqrzmdMyrCK"}
{"email":"admin@ameen.me","level":"info","message":"Successful login","timestamp":"2025-11-03 12:03:03","userId":"dozLPIR8dhA7gKUmuVtNB"}
{"email":"admin@ameen.me","level":"info","message":"Successful login","timestamp":"2025-11-03 12:14:20","userId":"dozLPIR8dhA7gKUmuVtNB"}
{"email":"admin@ameen.me","level":"info","message":"Successful login","timestamp":"2025-11-03 12:15:57","userId":"dozLPIR8dhA7gKUmuVtNB"}
{"email":"admin@ameen.com","level":"info","message":"Failed login attempt","timestamp":"2025-11-03 12:16:03"}
{"email":"admin@ameen.com","level":"info","message":"Failed login attempt","timestamp":"2025-11-03 12:16:11"}
{"email":"admin@ameen.com","level":"info","message":"Failed login attempt","timestamp":"2025-11-03 12:16:21"}
{"email":"admin@ameen.me","level":"info","message":"Successful login","timestamp":"2025-11-03 12:16:32","userId":"dozLPIR8dhA7gKUmuVtNB"}
{"email":"admin@ameen.me","level":"info","message":"Successful login","timestamp":"2025-11-03 15:02:50","userId":"dozLPIR8dhA7gKUmuVtNB"}
{"email":"admin@ameen.me","level":"info","message":"Successful login","timestamp":"2025-11-03 17:44:20","userId":"dozLPIR8dhA7gKUmuVtNB"}
{"email":"admin@ameen.me","level":"info","message":"Successful login","timestamp":"2025-11-03 18:34:03","userId":"dozLPIR8dhA7gKUmuVtNB"}
{"email":"admin@ameen.me","level":"info","message":"Successful login","timestamp":"2025-11-03 22:27:54","userId":"dozLPIR8dhA7gKUmuVtNB"}
{"email":"admin@ameen.me","level":"info","message":"Successful login","timestamp":"2025-11-03 22:52:25","userId":"dozLPIR8dhA7gKUmuVtNB"}
{"email":"admin@ameen.com","level":"info","message":"Failed login attempt","timestamp":"2025-11-03 22:55:48"}
{"email":"admin@ameen.ME","level":"info","message":"Failed login attempt","timestamp":"2025-11-03 22:55:55"}
{"email":"admin@ameen.me","level":"info","message":"Successful login","timestamp":"2025-11-03 22:56:08","userId":"dozLPIR8dhA7gKUmuVtNB"}
{"email":"admin@ameen.me","level":"info","message":"Failed login attempt","timestamp":"2025-11-04 03:57:55"}
{"email":"admin@ameen.me","level":"info","message":"Successful login","timestamp":"2025-11-04 03:58:00","userId":"dozLPIR8dhA7gKUmuVtNB"}
{"email":"admin@ameen.me","level":"info","message":"Successful login","timestamp":"2025-11-04 04:50:30","userId":"dozLPIR8dhA7gKUmuVtNB"}
{"email":"admin@ameen.me","level":"info","message":"Failed login attempt","timestamp":"2025-11-04 05:29:41"}
{"email":"admin@ameen.me","level":"info","message":"Successful login","timestamp":"2025-11-04 05:29:52","userId":"dozLPIR8dhA7gKUmuVtNB"}
{"email":"admin@ameen.me","level":"info","message":"Successful login","timestamp":"2025-11-04 09:13:55","userId":"dozLPIR8dhA7gKUmuVtNB"}
{"email":"admin@ameen.me","level":"info","message":"Successful login","timestamp":"2025-11-04 09:48:47","userId":"dozLPIR8dhA7gKUmuVtNB"}
{"email":"admin@ameen.me","level":"info","message":"Successful login","timestamp":"2025-11-04 09:55:07","userId":"dozLPIR8dhA7gKUmuVtNB"}
{"email":"admin@ameen.me","level":"info","message":"Successful login","timestamp":"2025-11-04 09:58:48","userId":"dozLPIR8dhA7gKUmuVtNB"}
{"email":"admin@ameen.me","level":"info","message":"Successful login","timestamp":"2025-11-04 10:29:03","userId":"dozLPIR8dhA7gKUmuVtNB"}
{"email":"maryam.daraeifard@ameen.me","level":"info","message":"Successful login","timestamp":"2025-11-04 10:45:45","userId":"pZJiLHU0b12XeVfW1J4g7"}
{"email":"admin@ameen.com","level":"info","message":"Failed login attempt","timestamp":"2025-11-04 10:46:00"}
{"email":"admin@ameen.me","level":"info","message":"Successful login","timestamp":"2025-11-04 10:46:07","userId":"dozLPIR8dhA7gKUmuVtNB"}
{"email":"maryam.daraeifard@ameen.me","level":"info","message":"Successful login","timestamp":"2025-11-04 10:51:13","userId":"pZJiLHU0b12XeVfW1J4g7"}
{"email":"admin@ameen.me","level":"info","message":"Successful login","timestamp":"2025-11-04 11:16:29","userId":"dozLPIR8dhA7gKUmuVtNB"}
{"email":"admin@ameen.me","level":"info","message":"Successful login","timestamp":"2025-11-04 11:23:37","userId":"dozLPIR8dhA7gKUmuVtNB"}
{"email":"admin@ameen.me","level":"info","message":"Successful login","timestamp":"2025-11-04 11:26:14","userId":"dozLPIR8dhA7gKUmuVtNB"}
{"email":"admin@ameen.me","level":"info","message":"Successful login","timestamp":"2025-11-04 11:49:00","userId":"dozLPIR8dhA7gKUmuVtNB"}
{"email":"admin@ameen.me","level":"info","message":"Failed login attempt","timestamp":"2025-11-04 16:02:14"}
{"email":"admin@ameen.me","level":"info","message":"Successful login","timestamp":"2025-11-04 16:02:18","userId":"dozLPIR8dhA7gKUmuVtNB"}
{"email":"admin@ameen.me","level":"info","message":"Successful login","timestamp":"2025-11-04 18:35:24","userId":"dozLPIR8dhA7gKUmuVtNB"}
{"email":"admin@ameen.me","level":"info","message":"Successful login","timestamp":"2025-11-04 18:44:20","userId":"dozLPIR8dhA7gKUmuVtNB"}
{"email":"admin@ameen.me","level":"info","message":"Successful login","timestamp":"2025-11-04 19:03:54","userId":"dozLPIR8dhA7gKUmuVtNB"}
{"email":"admin@ameen.me","level":"info","message":"Successful login","timestamp":"2025-11-04 19:49:02","userId":"dozLPIR8dhA7gKUmuVtNB"}
{"email":"admin@ameen.me","level":"info","message":"Successful login","timestamp":"2025-11-05 10:05:53","userId":"dozLPIR8dhA7gKUmuVtNB"}
{"email":"admin@ameen.me","level":"info","message":"Successful login","timestamp":"2025-11-10 10:51:43","userId":"dozLPIR8dhA7gKUmuVtNB"}
{"email":"admin@ameen.me","level":"info","message":"Successful login","timestamp":"2025-11-10 11:39:33","userId":"dozLPIR8dhA7gKUmuVtNB"}
{"email":"admin@ameen.me","level":"info","message":"Successful login","timestamp":"2025-11-11 08:00:10","userId":"dozLPIR8dhA7gKUmuVtNB"}
{"email":"admin@ameen.me","level":"info","message":"Successful login","timestamp":"2025-11-11 08:19:52","userId":"dozLPIR8dhA7gKUmuVtNB"}
{"email":"admin@ameen.me","level":"info","message":"Successful login","timestamp":"2025-11-11 09:25:36","userId":"dozLPIR8dhA7gKUmuVtNB"}
{"email":"admin@ameen.me","level":"info","message":"Successful login","timestamp":"2025-11-11 09:40:16","userId":"dozLPIR8dhA7gKUmuVtNB"}
{"email":"admin@ameen.me","level":"info","message":"Successful login","timestamp":"2025-11-11 10:22:47","userId":"dozLPIR8dhA7gKUmuVtNB"}
{"email":"admin@ameen.me","level":"info","message":"Successful login","timestamp":"2025-11-11 12:04:42","userId":"dozLPIR8dhA7gKUmuVtNB"}
{"email":"admin@ameen.me","level":"info","message":"Successful login","timestamp":"2025-11-11 12:27:05","userId":"dozLPIR8dhA7gKUmuVtNB"}
{"email":"admin@ameen.me","level":"info","message":"Failed login attempt","timestamp":"2025-11-12 05:46:10"}
{"email":"admin@ameen.me","level":"info","message":"Successful login","timestamp":"2025-11-12 05:46:15","userId":"dozLPIR8dhA7gKUmuVtNB"}
{"email":"admin@ameen.me","level":"info","message":"Successful login","timestamp":"2025-11-12 06:04:54","userId":"dozLPIR8dhA7gKUmuVtNB"}
{"email":"admin@ameen.me","level":"info","message":"Successful login","timestamp":"2025-11-12 09:03:47","userId":"dozLPIR8dhA7gKUmuVtNB"}
{"email":"admin@ameen.me","level":"info","message":"Failed login attempt","timestamp":"2025-11-12 23:33:35"}
{"email":"admin@ameen.me","level":"info","message":"Failed login attempt","timestamp":"2025-11-12 23:38:20"}
{"email":"admin@ameen.me","level":"info","message":"Successful login","timestamp":"2025-11-12 23:38:28","userId":"dozLPIR8dhA7gKUmuVtNB"}
{"email":"miladsoft@yahoo.com","level":"info","message":"Failed login attempt","timestamp":"2025-11-12 23:42:42"}
{"email":"admin@ameen.me","level":"info","message":"Successful login","timestamp":"2025-11-12 23:43:00","userId":"dozLPIR8dhA7gKUmuVtNB"}
{"email":"admin@ameen.me","level":"info","message":"Successful login","timestamp":"2025-11-16 09:01:59","userId":"dozLPIR8dhA7gKUmuVtNB"}
{"email":"admin@ameen.me","level":"info","message":"Successful login","timestamp":"2025-11-16 09:14:05","userId":"dozLPIR8dhA7gKUmuVtNB"}
{"email":"admin@ameen.me","level":"info","message":"Successful login","timestamp":"2025-11-16 09:17:03","userId":"dozLPIR8dhA7gKUmuVtNB"}
{"email":"admin@ameen.me","level":"info","message":"Successful login","timestamp":"2025-11-16 09:29:41","userId":"dozLPIR8dhA7gKUmuVtNB"}
{"email":"admin@ameen.me","level":"info","message":"Failed login attempt","timestamp":"2025-11-16 09:59:38"}
{"email":"admin@ameen.me","level":"info","message":"Successful login","timestamp":"2025-11-16 09:59:53","userId":"dozLPIR8dhA7gKUmuVtNB"}
{"email":"admin@ameen.me","level":"info","message":"Successful login","timestamp":"2025-11-16 10:17:39","userId":"dozLPIR8dhA7gKUmuVtNB"}
{"email":"admin@smartstore.om","level":"info","message":"Failed login attempt","timestamp":"2025-11-16 11:25:44"}
{"email":"admin@smartstore.om","level":"info","message":"Failed login attempt","timestamp":"2025-11-16 11:25:53"}
{"email":"admin@ameen.me","level":"info","message":"Successful login","timestamp":"2025-11-16 11:26:29","userId":"dozLPIR8dhA7gKUmuVtNB"}
{"email":"admin@ameen.me","level":"info","message":"Successful login","timestamp":"2025-11-16 11:43:50","userId":"dozLPIR8dhA7gKUmuVtNB"}
{"email":"admin@ameen.me","level":"info","message":"Successful login","timestamp":"2025-11-16 12:17:58","userId":"dozLPIR8dhA7gKUmuVtNB"}
{"email":"admin@ameen.me","level":"info","message":"Successful login","timestamp":"2025-11-17 10:19:05","userId":"dozLPIR8dhA7gKUmuVtNB"}
{"email":"admin@ameen.me","level":"info","message":"Successful login","timestamp":"2025-11-17 11:06:40","userId":"dozLPIR8dhA7gKUmuVtNB"}
{"email":"admin@dna.com","level":"info","message":"Failed login attempt","timestamp":"2025-11-19 09:19:58"}
{"email":"admin@ameen.me","level":"info","message":"Successful login","timestamp":"2025-11-19 09:20:16","userId":"dozLPIR8dhA7gKUmuVtNB"}
{"email":"admin@ameen.me","level":"info","message":"Successful login","timestamp":"2025-11-19 09:58:17","userId":"dozLPIR8dhA7gKUmuVtNB"}
{"email":"admin@ameen.com","level":"info","message":"Failed login attempt","timestamp":"2025-11-19 10:37:04"}
{"email":"admin@ameen.com","level":"info","message":"Failed login attempt","timestamp":"2025-11-19 10:37:13"}
{"email":"admin@ameen.me","level":"info","message":"Successful login","timestamp":"2025-11-19 10:37:24","userId":"dozLPIR8dhA7gKUmuVtNB"}
{"email":"admin@ameen.me","level":"info","message":"Successful login","timestamp":"2025-11-19 10:44:57","userId":"dozLPIR8dhA7gKUmuVtNB"}
{"email":"admin@ameen.me","level":"info","message":"Successful login","timestamp":"2025-11-19 10:53:48","userId":"dozLPIR8dhA7gKUmuVtNB"}
{"email":"admin@ameen.me","level":"info","message":"Successful login","timestamp":"2025-11-19 11:01:13","userId":"dozLPIR8dhA7gKUmuVtNB"}
{"email":"admin@ameen.me","level":"info","message":"Successful login","timestamp":"2025-11-19 11:06:02","userId":"dozLPIR8dhA7gKUmuVtNB"}
{"email":"admin@ameen.me","level":"info","message":"Successful login","timestamp":"2025-11-19 11:55:46","userId":"dozLPIR8dhA7gKUmuVtNB"}
{"email":"admin@ameen.me","level":"info","message":"Successful login","timestamp":"2025-11-19 13:15:42","userId":"dozLPIR8dhA7gKUmuVtNB"}
{"email":"admin@ameen.me","level":"info","message":"Successful login","timestamp":"2025-11-19 13:39:35","userId":"dozLPIR8dhA7gKUmuVtNB"}
{"email":"admin@ameen.me","level":"info","message":"Successful login","timestamp":"2025-11-20 13:51:56","userId":"dozLPIR8dhA7gKUmuVtNB"}
{"email":"admin@ameen.me","level":"info","message":"Successful login","timestamp":"2025-11-22 14:42:49","userId":"dozLPIR8dhA7gKUmuVtNB"}
{"email":"admin@ameen.me","level":"info","message":"Successful login","timestamp":"2025-11-22 17:53:41","userId":"dozLPIR8dhA7gKUmuVtNB"}
{"email":"admin@ameen.me","level":"info","message":"Successful login","timestamp":"2025-11-22 19:56:03","userId":"dozLPIR8dhA7gKUmuVtNB"}
{"email":"admin@ameen.me","level":"info","message":"Successful login","timestamp":"2025-11-22 21:23:50","userId":"dozLPIR8dhA7gKUmuVtNB"}
{"email":"admin@ameen.me","level":"info","message":"Successful login","timestamp":"2025-11-22 21:50:34","userId":"dozLPIR8dhA7gKUmuVtNB"}
{"email":"admin@ameen.me","level":"info","message":"Successful login","timestamp":"2025-11-22 21:51:18","userId":"dozLPIR8dhA7gKUmuVtNB"}
{"email":"seniorblockchain@gmail.com","level":"info","message":"Failed login attempt","timestamp":"2025-11-23 06:30:01"}
{"email":"admin@ameen.me","level":"info","message":"Successful login","timestamp":"2025-11-23 06:30:09","userId":"dozLPIR8dhA7gKUmuVtNB"}
{"email":"milad.raeisi@ameen.me","level":"info","message":"Failed login attempt","timestamp":"2025-11-23 08:31:59"}
{"email":"milad.raeisi@ameen.me","level":"info","message":"Failed login attempt","timestamp":"2025-11-23 08:32:03"}
{"email":"admin@ameen.me","level":"info","message":"Successful login","timestamp":"2025-11-23 08:32:07","userId":"dozLPIR8dhA7gKUmuVtNB"}
{"email":"milad.raeisi@ameen.me","level":"info","message":"Failed login attempt","timestamp":"2025-11-23 12:49:28"}
{"email":"admin@ameen.me","level":"info","message":"Successful login","timestamp":"2025-11-23 12:49:37","userId":"dozLPIR8dhA7gKUmuVtNB"}
{"email":"admin@ameen.me","level":"info","message":"Successful login","timestamp":"2025-11-23 12:55:10","userId":"dozLPIR8dhA7gKUmuVtNB"}
{"email":"admin@ameen.me","level":"info","message":"Successful login","timestamp":"2025-11-23 13:39:13","userId":"dozLPIR8dhA7gKUmuVtNB"}
{"email":"admin@ameen.me","level":"info","message":"Successful login","timestamp":"2025-11-23 15:13:30","userId":"dozLPIR8dhA7gKUmuVtNB"}
{"email":"admin@ameen.me","level":"info","message":"Successful login","timestamp":"2025-11-24 08:58:21","userId":"dozLPIR8dhA7gKUmuVtNB"}
{"email":"admin@ameen.me","level":"info","message":"Successful login","timestamp":"2025-11-24 10:43:19","userId":"dozLPIR8dhA7gKUmuVtNB"}
{"email":"admin@ameen.me","level":"info","message":"Successful login","timestamp":"2025-11-24 12:35:01","userId":"dozLPIR8dhA7gKUmuVtNB"}
{"email":"admin@ameen.me","level":"info","message":"Successful login","timestamp":"2025-11-24 21:48:54","userId":"dozLPIR8dhA7gKUmuVtNB"}
{"email":"naseef.ismail@ameen.me","level":"info","message":"Successful login","timestamp":"2025-11-24 21:50:40","userId":"k2Kev-D9fvGPxb6q2KQac"}
{"email":"naseef.ismail@ameen.me","level":"info","message":"Successful login","timestamp":"2025-11-24 21:51:17","userId":"k2Kev-D9fvGPxb6q2KQac"}
{"email":"admin@ameen.me","level":"info","message":"Successful login","timestamp":"2025-11-24 21:51:28","userId":"dozLPIR8dhA7gKUmuVtNB"}
{"email":"admin@ameen.me","level":"info","message":"Successful login","timestamp":"2025-11-24 22:04:29","userId":"dozLPIR8dhA7gKUmuVtNB"}
{"email":"naseef.ismail@ameen.me","level":"info","message":"Successful login","timestamp":"2025-11-24 22:04:40","userId":"k2Kev-D9fvGPxb6q2KQac"}
{"email":"naseef.ismail@ameen.me","level":"info","message":"Successful login","timestamp":"2025-11-25 10:52:51","userId":"k2Kev-D9fvGPxb6q2KQac"}
{"email":"admin@ameen.me","level":"info","message":"Successful login","timestamp":"2025-11-25 10:53:41","userId":"dozLPIR8dhA7gKUmuVtNB"}
{"email":"admin@ameen.me","level":"info","message":"Successful login","timestamp":"2025-11-25 13:06:50","userId":"dozLPIR8dhA7gKUmuVtNB"}
{"email":"admin@ameen.me","level":"info","message":"Successful login","timestamp":"2025-11-25 13:38:36","userId":"dozLPIR8dhA7gKUmuVtNB"}
{"email":"admin@ameen.me","level":"info","message":"Successful login","timestamp":"2025-11-25 13:44:38","userId":"dozLPIR8dhA7gKUmuVtNB"}
{"email":"admin@ameen.me","level":"info","message":"Successful login","timestamp":"2025-11-25 21:05:51","userId":"dozLPIR8dhA7gKUmuVtNB"}
{"email":"admin@ameen.me","level":"info","message":"Successful login","timestamp":"2025-11-28 10:01:39","userId":"dozLPIR8dhA7gKUmuVtNB"}
{"email":"admin@ameen.me","level":"info","message":"Successful login","timestamp":"2025-11-28 14:10:20","userId":"dozLPIR8dhA7gKUmuVtNB"}
{"email":"admin@ameen.me","level":"info","message":"Successful login","timestamp":"2025-11-28 15:08:57","userId":"dozLPIR8dhA7gKUmuVtNB"}
{"email":"admin@ameen.me","level":"info","message":"Successful login","timestamp":"2025-11-28 15:19:11","userId":"dozLPIR8dhA7gKUmuVtNB"}
{"email":"admin@ameen.me","level":"info","message":"Successful login","timestamp":"2025-11-28 15:54:14","userId":"dozLPIR8dhA7gKUmuVtNB"}
{"email":"admin@ameen.me","level":"info","message":"Successful login","timestamp":"2025-11-28 16:53:22","userId":"dozLPIR8dhA7gKUmuVtNB"}
{"email":"admin@ameen.me","level":"info","message":"Successful login","timestamp":"2025-11-28 22:47:42","userId":"dozLPIR8dhA7gKUmuVtNB"}
{"email":"admin@ameen.me","level":"info","message":"Successful login","timestamp":"2025-11-28 23:59:23","userId":"dozLPIR8dhA7gKUmuVtNB"}
{"email":"admin@ameen.me","level":"info","message":"Successful login","timestamp":"2025-11-29 10:23:41","userId":"dozLPIR8dhA7gKUmuVtNB"}
{"email":"admin@ameen.me","level":"info","message":"Successful login","timestamp":"2025-11-29 12:54:50","userId":"dozLPIR8dhA7gKUmuVtNB"}
